<?xml version="1.0" encoding="UTF-8"?>
<testsuite xmlns:xsi="http://www.w3.org/2001/XMLSchema-instance" xsi:noNamespaceSchemaLocation="https://maven.apache.org/surefire/maven-surefire-plugin/xsd/surefire-test-report.xsd" name="Produto.ProdutoTest" time="0.03" tests="3" errors="0" skipped="0" failures="0">
  <properties>
    <property name="java.specification.version" value="20"/>
    <property name="sun.cpu.isalist" value="amd64"/>
    <property name="sun.jnu.encoding" value="Cp1252"/>
    <property name="java.class.path" value="C:\Users\imcat\Downloads\tp lab poo\projeto01-turmag1-winx\codigo\target\test-classes;C:\Users\imcat\Downloads\tp lab poo\projeto01-turmag1-winx\codigo\target\classes;C:\Users\imcat\.m2\repository\org\junit\jupiter\junit-jupiter-api\5.6.0\junit-jupiter-api-5.6.0.jar;C:\Users\imcat\.m2\repository\org\apiguardian\apiguardian-api\1.1.0\apiguardian-api-1.1.0.jar;C:\Users\imcat\.m2\repository\org\opentest4j\opentest4j\1.2.0\opentest4j-1.2.0.jar;C:\Users\imcat\.m2\repository\org\junit\platform\junit-platform-commons\1.6.0\junit-platform-commons-1.6.0.jar;C:\Users\imcat\.m2\repository\org\junit\jupiter\junit-jupiter-params\5.6.0\junit-jupiter-params-5.6.0.jar;C:\Users\imcat\.m2\repository\org\junit\jupiter\junit-jupiter-engine\5.6.0\junit-jupiter-engine-5.6.0.jar;C:\Users\imcat\.m2\repository\org\junit\platform\junit-platform-engine\1.6.0\junit-platform-engine-1.6.0.jar;"/>
    <property name="java.vm.vendor" value="Oracle Corporation"/>
    <property name="sun.arch.data.model" value="64"/>
    <property name="user.variant" value=""/>
    <property name="java.vendor.url" value="https://java.oracle.com/"/>
    <property name="user.timezone" value="America/Sao_Paulo"/>
    <property name="os.name" value="Windows 11"/>
    <property name="java.vm.specification.version" value="20"/>
    <property name="user.country" value="BR"/>
    <property name="sun.java.launcher" value="SUN_STANDARD"/>
    <property name="sun.boot.library.path" value="C:\Program Files\Java\jdk-20\bin"/>
    <property name="sun.java.command" value="C:\Users\imcat\AppData\Local\Temp\surefire10052058210096522001\surefirebooter3253350009843475774.jar C:\Users\imcat\AppData\Local\Temp\surefire10052058210096522001 2024-06-26T05-21-26_649-jvmRun1 surefire4190803075361587349tmp surefire_013742622117466366019tmp"/>
    <property name="jdk.debug" value="release"/>
    <property name="surefire.test.class.path" value="C:\Users\imcat\Downloads\tp lab poo\projeto01-turmag1-winx\codigo\target\test-classes;C:\Users\imcat\Downloads\tp lab poo\projeto01-turmag1-winx\codigo\target\classes;C:\Users\imcat\.m2\repository\org\junit\jupiter\junit-jupiter-api\5.6.0\junit-jupiter-api-5.6.0.jar;C:\Users\imcat\.m2\repository\org\apiguardian\apiguardian-api\1.1.0\apiguardian-api-1.1.0.jar;C:\Users\imcat\.m2\repository\org\opentest4j\opentest4j\1.2.0\opentest4j-1.2.0.jar;C:\Users\imcat\.m2\repository\org\junit\platform\junit-platform-commons\1.6.0\junit-platform-commons-1.6.0.jar;C:\Users\imcat\.m2\repository\org\junit\jupiter\junit-jupiter-params\5.6.0\junit-jupiter-params-5.6.0.jar;C:\Users\imcat\.m2\repository\org\junit\jupiter\junit-jupiter-engine\5.6.0\junit-jupiter-engine-5.6.0.jar;C:\Users\imcat\.m2\repository\org\junit\platform\junit-platform-engine\1.6.0\junit-platform-engine-1.6.0.jar;"/>
    <property name="sun.cpu.endian" value="little"/>
    <property name="user.home" value="C:\Users\imcat"/>
    <property name="user.language" value="pt"/>
    <property name="java.specification.vendor" value="Oracle Corporation"/>
    <property name="java.version.date" value="2023-03-21"/>
    <property name="java.home" value="C:\Program Files\Java\jdk-20"/>
    <property name="file.separator" value="\"/>
    <property name="basedir" value="C:\Users\imcat\Downloads\tp lab poo\projeto01-turmag1-winx\codigo"/>
    <property name="java.vm.compressedOopsMode" value="Zero based"/>
    <property name="line.separator" value="&#10;"/>
    <property name="java.vm.specification.vendor" value="Oracle Corporation"/>
    <property name="java.specification.name" value="Java Platform API Specification"/>
    <property name="surefire.real.class.path" value="C:\Users\imcat\AppData\Local\Temp\surefire10052058210096522001\surefirebooter3253350009843475774.jar"/>
    <property name="user.script" value=""/>
    <property name="sun.management.compiler" value="HotSpot 64-Bit Tiered Compilers"/>
    <property name="java.runtime.version" value="20+36-2344"/>
    <property name="user.name" value="imcat"/>
    <property name="stdout.encoding" value="Cp1252"/>
    <property name="path.separator" value=";"/>
    <property name="os.version" value="10.0"/>
    <property name="java.runtime.name" value="Java(TM) SE Runtime Environment"/>
    <property name="file.encoding" value="UTF-8"/>
    <property name="java.vm.name" value="Java HotSpot(TM) 64-Bit Server VM"/>
    <property name="maven.ext.class.path" value="C:\Program Files\NetBeans-17\netbeans\java\maven-nblib\netbeans-eventspy.jar"/>
    <property name="localRepository" value="C:\Users\imcat\.m2\repository"/>
    <property name="java.vendor.url.bug" value="https://bugreport.java.com/bugreport/"/>
    <property name="java.io.tmpdir" value="C:\Users\imcat\AppData\Local\Temp\"/>
    <property name="java.version" value="20"/>
    <property name="user.dir" value="C:\Users\imcat\Downloads\tp lab poo\projeto01-turmag1-winx\codigo"/>
    <property name="os.arch" value="amd64"/>
    <property name="java.vm.specification.name" value="Java Virtual Machine Specification"/>
    <property name="sun.os.patch.level" value=""/>
    <property name="native.encoding" value="Cp1252"/>
    <property name="java.library.path" value="C:\Program Files\Java\jdk-20\bin;C:\Windows\Sun\Java\bin;C:\Windows\system32;C:\Windows;C:\Program Files\Common Files\Oracle\Java\javapath;C:\Program Files (x86)\Common Files\Oracle\Java\java8path;C:\Program Files (x86)\Common Files\Oracle\Java\javapath;C:\Windows\system32;C:\Windows;C:\Windows\System32\Wbem;C:\Windows\System32\WindowsPowerShell\v1.0\;C:\Windows\System32\OpenSSH\;C:\php-8.2.3;C:\Program Files;C:\Program Files\Calibre2\;C:\Program Files\Microsoft SQL Server\Client SDK\ODBC\170\Tools\Binn\;C:\Program Files (x86)\Microsoft SQL Server\150\Tools\Binn\;C:\Program Files\Microsoft SQL Server\150\Tools\Binn\;C:\Program Files\Microsoft SQL Server\150\DTS\Binn\;C:\Program Files (x86)\Microsoft SQL Server\160\DTS\Binn\;C:\Program Files\Azure Data Studio\bin;C:\Program Files\Git\cmd;%JAVA_HOME%\bin;C:\Program Files\Maven\apache-maven-3.9.6\bin;C:\Program Files\nodejs\;C:\Users\imcat\AppData\Local\Programs\Python\Python311\Scripts\;C:\Users\imcat\AppData\Local\Programs\Python\Python311\;C:\Users\imcat\AppData\Local\Microsoft\WindowsApps;C:\Users\imcat\AppData\Local\Programs\Microsoft VS Code\bin;C:\Users\imcat\AppData\Roaming\Composer\vendor\bin;C:\Users\imcat\AppData\Local\GitHubDesktop\bin;C:\Program Files\JetBrains\PyCharm Community Edition 2023.1.1\bin;;C:\Program Files\Azure Data Studio\bin;C:\Users\imcat\AppData\Roaming\npm;."/>
    <property name="java.vm.info" value="mixed mode, sharing"/>
    <property name="stderr.encoding" value="Cp1252"/>
    <property name="java.vendor" value="Oracle Corporation"/>
    <property name="java.vm.version" value="20+36-2344"/>
    <property name="sun.io.unicode.encoding" value="UnicodeLittle"/>
    <property name="java.class.version" value="64.0"/>
  </properties>
  <testcase name="testAdicionarProduto" classname="Produto.ProdutoTest" time="0.018"/>
  <testcase name="testAtualizarEstoque" classname="Produto.ProdutoTest" time="0.001"/>
  <testcase name="testVerificaEstoque" classname="Produto.ProdutoTest" time="0"/>
</testsuite>